2014-12-27 16:48:46.348 ecmapp[6967:352947] DiskCookieStorage changing policy from 2 to 0, cookie file: file:///Users/gabordarvasi/Library/Developer/CoreSimulator/Devices/7DBA6B2D-FF55-48E0-9833-9B4A6E714A93/data/Containers/Data/Application/460FAC16-363F-494D-B9F3-651AB545623F/Library/Cookies/Cookies.binarycookies
2014-12-27 16:48:46.604 ecmapp[6967:352947] Apache Cordova native platform version 3.7.0 is starting.
2014-12-27 16:48:46.605 ecmapp[6967:352947] Multi-tasking -> Device: YES, App: YES
2014-12-27 16:48:46.617 ecmapp[6967:352947] Unlimited access to network resources
2014-12-27 16:48:46.628 ecmapp[6967:352947] 

Started backup to iCloud! Please be careful.
Your application might be rejected by Apple if you store too much data.
For more information please read "iOS Data Storage Guidelines" at:
https://developer.apple.com/icloud/documentation/data-storage/
To disable web storage backup to iCloud, set the BackupWebStorage preference to "local" in the Cordova config.xml file

2014-12-27 16:48:47.329 ecmapp[6967:352947] Resetting plugins due to page load.
2014-12-27 16:48:47.805 ecmapp[6967:352947] Finished load of: file:///Users/gabordarvasi/Library/Developer/CoreSimulator/Devices/7DBA6B2D-FF55-48E0-9833-9B4A6E714A93/data/Containers/Bundle/Application/DBD4CC5D-1BBF-4102-A7C3-B3788B802EF8/ecmapp.app/www/index.html
2014-12-27 16:50:07.088 ecmapp[7065:353825] DiskCookieStorage changing policy from 2 to 0, cookie file: file:///Users/gabordarvasi/Library/Developer/CoreSimulator/Devices/7DBA6B2D-FF55-48E0-9833-9B4A6E714A93/data/Containers/Data/Application/C062E06C-F9D9-4BAD-A126-D565861CC407/Library/Cookies/Cookies.binarycookies
2014-12-27 16:50:07.161 ecmapp[7065:353825] Apache Cordova native platform version 3.7.0 is starting.
2014-12-27 16:50:07.162 ecmapp[7065:353825] Multi-tasking -> Device: YES, App: YES
2014-12-27 16:50:07.163 ecmapp[7065:353825] Unlimited access to network resources
2014-12-27 16:50:07.165 ecmapp[7065:353825] 

Started backup to iCloud! Please be careful.
Your application might be rejected by Apple if you store too much data.
For more information please read "iOS Data Storage Guidelines" at:
https://developer.apple.com/icloud/documentation/data-storage/
To disable web storage backup to iCloud, set the BackupWebStorage preference to "local" in the Cordova config.xml file

2014-12-27 16:50:07.385 ecmapp[7065:353825] Resetting plugins due to page load.
2014-12-27 16:50:07.698 ecmapp[7065:353825] Finished load of: file:///Users/gabordarvasi/Library/Developer/CoreSimulator/Devices/7DBA6B2D-FF55-48E0-9833-9B4A6E714A93/data/Containers/Bundle/Application/6CDEB57F-7F04-4257-AD44-9A16F7657728/ecmapp.app/www/index.html
2014-12-27 16:50:27.956 ecmapp[7149:354273] DiskCookieStorage changing policy from 2 to 0, cookie file: file:///Users/gabordarvasi/Library/Developer/CoreSimulator/Devices/7DBA6B2D-FF55-48E0-9833-9B4A6E714A93/data/Containers/Data/Application/B847D9AC-22E4-4129-9C26-038012AE0C3E/Library/Cookies/Cookies.binarycookies
2014-12-27 16:50:28.030 ecmapp[7149:354273] Apache Cordova native platform version 3.7.0 is starting.
2014-12-27 16:50:28.030 ecmapp[7149:354273] Multi-tasking -> Device: YES, App: YES
2014-12-27 16:50:28.031 ecmapp[7149:354273] Unlimited access to network resources
2014-12-27 16:50:28.033 ecmapp[7149:354273] 

Started backup to iCloud! Please be careful.
Your application might be rejected by Apple if you store too much data.
For more information please read "iOS Data Storage Guidelines" at:
https://developer.apple.com/icloud/documentation/data-storage/
To disable web storage backup to iCloud, set the BackupWebStorage preference to "local" in the Cordova config.xml file

2014-12-27 16:50:28.254 ecmapp[7149:354273] Resetting plugins due to page load.
2014-12-27 16:50:28.567 ecmapp[7149:354273] Finished load of: file:///Users/gabordarvasi/Library/Developer/CoreSimulator/Devices/7DBA6B2D-FF55-48E0-9833-9B4A6E714A93/data/Containers/Bundle/Application/AF194926-D0D8-48A8-BA96-EB586BCE38AC/ecmapp.app/www/index.html
2015-01-04 23:42:01.635 ecmapp[5605:387375] DiskCookieStorage changing policy from 2 to 0, cookie file: file:///Users/gabordarvasi/Library/Developer/CoreSimulator/Devices/7DBA6B2D-FF55-48E0-9833-9B4A6E714A93/data/Containers/Data/Application/3F7BCF42-B06F-402B-AC6E-A88A79E9079F/Library/Cookies/Cookies.binarycookies
2015-01-04 23:42:01.907 ecmapp[5605:387375] Apache Cordova native platform version 3.7.0 is starting.
2015-01-04 23:42:01.907 ecmapp[5605:387375] Multi-tasking -> Device: YES, App: YES
2015-01-04 23:42:01.922 ecmapp[5605:387375] Unlimited access to network resources
2015-01-04 23:42:01.931 ecmapp[5605:387375] 

Started backup to iCloud! Please be careful.
Your application might be rejected by Apple if you store too much data.
For more information please read "iOS Data Storage Guidelines" at:
https://developer.apple.com/icloud/documentation/data-storage/
To disable web storage backup to iCloud, set the BackupWebStorage preference to "local" in the Cordova config.xml file

2015-01-04 23:42:02.642 ecmapp[5605:387375] Resetting plugins due to page load.
2015-01-04 23:42:03.003 ecmapp[5605:387375] Finished load of: file:///Users/gabordarvasi/Library/Developer/CoreSimulator/Devices/7DBA6B2D-FF55-48E0-9833-9B4A6E714A93/data/Containers/Bundle/Application/D784190C-8544-4802-8284-1BD648772DE3/ecmapp.app/www/index.html
